{"/Users/oprentmacbook2/Downloads/LearningPhase/bootcamp/src/add.js": {"path":"/Users/oprentmacbook2/Downloads/LearningPhase/bootcamp/src/add.js","statementMap":{"0":{"start":{"line":5,"column":2},"end":{"line":9,"column":3}},"1":{"start":{"line":6,"column":4},"end":{"line":6,"column":13}},"2":{"start":{"line":7,"column":9},"end":{"line":9,"column":3}},"3":{"start":{"line":8,"column":4},"end":{"line":8,"column":13}},"4":{"start":{"line":10,"column":2},"end":{"line":10,"column":15}}},"fnMap":{"0":{"name":"add","decl":{"start":{"line":3,"column":9},"end":{"line":3,"column":12}},"loc":{"start":{"line":3,"column":45},"end":{"line":11,"column":1}},"line":3}},"branchMap":{"0":{"loc":{"start":{"line":5,"column":2},"end":{"line":9,"column":3}},"type":"if","locations":[{"start":{"line":5,"column":2},"end":{"line":9,"column":3}},{"start":{"line":5,"column":2},"end":{"line":9,"column":3}}],"line":5},"1":{"loc":{"start":{"line":7,"column":9},"end":{"line":9,"column":3}},"type":"if","locations":[{"start":{"line":7,"column":9},"end":{"line":9,"column":3}},{"start":{"line":7,"column":9},"end":{"line":9,"column":3}}],"line":7}},"s":{"0":5,"1":1,"2":4,"3":2,"4":2},"f":{"0":5},"b":{"0":[1,4],"1":[2,2]},"_coverageSchema":"332fd63041d2c1bcb487cc26dd0d5f7d97098a6c","hash":"b636281f63a8ff33925afd72e2385ebb6e45f2e7"}
,"/Users/oprentmacbook2/Downloads/LearningPhase/bootcamp/src/isEmpty.js": {"path":"/Users/oprentmacbook2/Downloads/LearningPhase/bootcamp/src/isEmpty.js","statementMap":{"0":{"start":{"line":4,"column":23},"end":{"line":4,"column":35}},"1":{"start":{"line":5,"column":15},"end":{"line":5,"column":20}},"2":{"start":{"line":7,"column":2},"end":{"line":13,"column":4}},"3":{"start":{"line":8,"column":17},"end":{"line":8,"column":18}},"4":{"start":{"line":9,"column":6},"end":{"line":11,"column":7}},"5":{"start":{"line":10,"column":10},"end":{"line":10,"column":46}},"6":{"start":{"line":10,"column":39},"end":{"line":10,"column":46}},"7":{"start":{"line":12,"column":6},"end":{"line":12,"column":18}},"8":{"start":{"line":15,"column":2},"end":{"line":68,"column":3}},"9":{"start":{"line":16,"column":4},"end":{"line":49,"column":5}},"10":{"start":{"line":17,"column":6},"end":{"line":31,"column":7}},"11":{"start":{"line":18,"column":8},"end":{"line":18,"column":22}},"12":{"start":{"line":19,"column":13},"end":{"line":31,"column":7}},"13":{"start":{"line":20,"column":8},"end":{"line":26,"column":9}},"14":{"start":{"line":21,"column":10},"end":{"line":21,"column":25}},"15":{"start":{"line":22,"column":15},"end":{"line":26,"column":9}},"16":{"start":{"line":23,"column":10},"end":{"line":23,"column":25}},"17":{"start":{"line":25,"column":10},"end":{"line":25,"column":24}},"18":{"start":{"line":27,"column":13},"end":{"line":31,"column":7}},"19":{"start":{"line":28,"column":8},"end":{"line":28,"column":22}},"20":{"start":{"line":30,"column":8},"end":{"line":30,"column":23}},"21":{"start":{"line":32,"column":11},"end":{"line":49,"column":5}},"22":{"start":{"line":33,"column":6},"end":{"line":33,"column":21}},"23":{"start":{"line":35,"column":17},"end":{"line":35,"column":35}},"24":{"start":{"line":36,"column":6},"end":{"line":48,"column":7}},"25":{"start":{"line":37,"column":8},"end":{"line":37,"column":22}},"26":{"start":{"line":38,"column":13},"end":{"line":48,"column":7}},"27":{"start":{"line":39,"column":8},"end":{"line":39,"column":22}},"28":{"start":{"line":40,"column":8},"end":{"line":45,"column":9}},"29":{"start":{"line":41,"column":10},"end":{"line":44,"column":11}},"30":{"start":{"line":42,"column":12},"end":{"line":42,"column":27}},"31":{"start":{"line":43,"column":12},"end":{"line":43,"column":18}},"32":{"start":{"line":47,"column":8},"end":{"line":47,"column":23}},"33":{"start":{"line":50,"column":9},"end":{"line":68,"column":3}},"34":{"start":{"line":51,"column":4},"end":{"line":57,"column":5}},"35":{"start":{"line":52,"column":6},"end":{"line":52,"column":21}},"36":{"start":{"line":53,"column":11},"end":{"line":57,"column":5}},"37":{"start":{"line":54,"column":6},"end":{"line":54,"column":21}},"38":{"start":{"line":56,"column":6},"end":{"line":56,"column":20}},"39":{"start":{"line":58,"column":9},"end":{"line":68,"column":3}},"40":{"start":{"line":59,"column":4},"end":{"line":59,"column":19}},"41":{"start":{"line":60,"column":9},"end":{"line":68,"column":3}},"42":{"start":{"line":61,"column":4},"end":{"line":65,"column":5}},"43":{"start":{"line":62,"column":6},"end":{"line":62,"column":20}},"44":{"start":{"line":64,"column":6},"end":{"line":64,"column":21}},"45":{"start":{"line":67,"column":4},"end":{"line":67,"column":18}},"46":{"start":{"line":69,"column":2},"end":{"line":69,"column":16}}},"fnMap":{"0":{"name":"isEmpty","decl":{"start":{"line":3,"column":9},"end":{"line":3,"column":16}},"loc":{"start":{"line":3,"column":40},"end":{"line":70,"column":1}},"line":3},"1":{"name":"(anonymous_1)","decl":{"start":{"line":7,"column":16},"end":{"line":7,"column":17}},"loc":{"start":{"line":7,"column":30},"end":{"line":13,"column":3}},"line":7}},"branchMap":{"0":{"loc":{"start":{"line":10,"column":10},"end":{"line":10,"column":46}},"type":"if","locations":[{"start":{"line":10,"column":10},"end":{"line":10,"column":46}},{"start":{"line":10,"column":10},"end":{"line":10,"column":46}}],"line":10},"1":{"loc":{"start":{"line":15,"column":2},"end":{"line":68,"column":3}},"type":"if","locations":[{"start":{"line":15,"column":2},"end":{"line":68,"column":3}},{"start":{"line":15,"column":2},"end":{"line":68,"column":3}}],"line":15},"2":{"loc":{"start":{"line":16,"column":4},"end":{"line":49,"column":5}},"type":"if","locations":[{"start":{"line":16,"column":4},"end":{"line":49,"column":5}},{"start":{"line":16,"column":4},"end":{"line":49,"column":5}}],"line":16},"3":{"loc":{"start":{"line":17,"column":6},"end":{"line":31,"column":7}},"type":"if","locations":[{"start":{"line":17,"column":6},"end":{"line":31,"column":7}},{"start":{"line":17,"column":6},"end":{"line":31,"column":7}}],"line":17},"4":{"loc":{"start":{"line":19,"column":13},"end":{"line":31,"column":7}},"type":"if","locations":[{"start":{"line":19,"column":13},"end":{"line":31,"column":7}},{"start":{"line":19,"column":13},"end":{"line":31,"column":7}}],"line":19},"5":{"loc":{"start":{"line":20,"column":8},"end":{"line":26,"column":9}},"type":"if","locations":[{"start":{"line":20,"column":8},"end":{"line":26,"column":9}},{"start":{"line":20,"column":8},"end":{"line":26,"column":9}}],"line":20},"6":{"loc":{"start":{"line":22,"column":15},"end":{"line":26,"column":9}},"type":"if","locations":[{"start":{"line":22,"column":15},"end":{"line":26,"column":9}},{"start":{"line":22,"column":15},"end":{"line":26,"column":9}}],"line":22},"7":{"loc":{"start":{"line":22,"column":19},"end":{"line":22,"column":69}},"type":"binary-expr","locations":[{"start":{"line":22,"column":19},"end":{"line":22,"column":42}},{"start":{"line":22,"column":47},"end":{"line":22,"column":68}}],"line":22},"8":{"loc":{"start":{"line":27,"column":13},"end":{"line":31,"column":7}},"type":"if","locations":[{"start":{"line":27,"column":13},"end":{"line":31,"column":7}},{"start":{"line":27,"column":13},"end":{"line":31,"column":7}}],"line":27},"9":{"loc":{"start":{"line":32,"column":11},"end":{"line":49,"column":5}},"type":"if","locations":[{"start":{"line":32,"column":11},"end":{"line":49,"column":5}},{"start":{"line":32,"column":11},"end":{"line":49,"column":5}}],"line":32},"10":{"loc":{"start":{"line":36,"column":6},"end":{"line":48,"column":7}},"type":"if","locations":[{"start":{"line":36,"column":6},"end":{"line":48,"column":7}},{"start":{"line":36,"column":6},"end":{"line":48,"column":7}}],"line":36},"11":{"loc":{"start":{"line":38,"column":13},"end":{"line":48,"column":7}},"type":"if","locations":[{"start":{"line":38,"column":13},"end":{"line":48,"column":7}},{"start":{"line":38,"column":13},"end":{"line":48,"column":7}}],"line":38},"12":{"loc":{"start":{"line":41,"column":10},"end":{"line":44,"column":11}},"type":"if","locations":[{"start":{"line":41,"column":10},"end":{"line":44,"column":11}},{"start":{"line":41,"column":10},"end":{"line":44,"column":11}}],"line":41},"13":{"loc":{"start":{"line":50,"column":9},"end":{"line":68,"column":3}},"type":"if","locations":[{"start":{"line":50,"column":9},"end":{"line":68,"column":3}},{"start":{"line":50,"column":9},"end":{"line":68,"column":3}}],"line":50},"14":{"loc":{"start":{"line":51,"column":4},"end":{"line":57,"column":5}},"type":"if","locations":[{"start":{"line":51,"column":4},"end":{"line":57,"column":5}},{"start":{"line":51,"column":4},"end":{"line":57,"column":5}}],"line":51},"15":{"loc":{"start":{"line":53,"column":11},"end":{"line":57,"column":5}},"type":"if","locations":[{"start":{"line":53,"column":11},"end":{"line":57,"column":5}},{"start":{"line":53,"column":11},"end":{"line":57,"column":5}}],"line":53},"16":{"loc":{"start":{"line":58,"column":9},"end":{"line":68,"column":3}},"type":"if","locations":[{"start":{"line":58,"column":9},"end":{"line":68,"column":3}},{"start":{"line":58,"column":9},"end":{"line":68,"column":3}}],"line":58},"17":{"loc":{"start":{"line":60,"column":9},"end":{"line":68,"column":3}},"type":"if","locations":[{"start":{"line":60,"column":9},"end":{"line":68,"column":3}},{"start":{"line":60,"column":9},"end":{"line":68,"column":3}}],"line":60},"18":{"loc":{"start":{"line":61,"column":4},"end":{"line":65,"column":5}},"type":"if","locations":[{"start":{"line":61,"column":4},"end":{"line":65,"column":5}},{"start":{"line":61,"column":4},"end":{"line":65,"column":5}}],"line":61}},"s":{"0":11,"1":11,"2":11,"3":2,"4":2,"5":1,"6":1,"7":2,"8":11,"9":6,"10":3,"11":1,"12":2,"13":2,"14":1,"15":1,"16":1,"17":0,"18":0,"19":0,"20":0,"21":3,"22":1,"23":2,"24":2,"25":1,"26":1,"27":1,"28":1,"29":1,"30":1,"31":1,"32":0,"33":5,"34":2,"35":1,"36":1,"37":1,"38":0,"39":3,"40":1,"41":2,"42":2,"43":1,"44":1,"45":0,"46":11},"f":{"0":11,"1":2},"b":{"0":[1,0],"1":[6,5],"2":[3,3],"3":[1,2],"4":[2,0],"5":[1,1],"6":[1,0],"7":[1,1],"8":[0,0],"9":[1,2],"10":[1,1],"11":[1,0],"12":[1,0],"13":[2,3],"14":[1,1],"15":[1,0],"16":[1,2],"17":[2,0],"18":[1,1]},"_coverageSchema":"332fd63041d2c1bcb487cc26dd0d5f7d97098a6c","hash":"538feb6e9c77f781ad51557cca873e7f5cceb6d3"}
,"/Users/oprentmacbook2/Downloads/LearningPhase/bootcamp/src/sum.js": {"path":"/Users/oprentmacbook2/Downloads/LearningPhase/bootcamp/src/sum.js","statementMap":{"0":{"start":{"line":4,"column":15},"end":{"line":4,"column":16}},"1":{"start":{"line":5,"column":2},"end":{"line":7,"column":3}},"2":{"start":{"line":6,"column":4},"end":{"line":6,"column":27}},"3":{"start":{"line":8,"column":2},"end":{"line":8,"column":16}}},"fnMap":{"0":{"name":"sum","decl":{"start":{"line":3,"column":9},"end":{"line":3,"column":12}},"loc":{"start":{"line":3,"column":48},"end":{"line":9,"column":1}},"line":3}},"branchMap":{},"s":{"0":7,"1":7,"2":17,"3":7},"f":{"0":7},"b":{},"_coverageSchema":"332fd63041d2c1bcb487cc26dd0d5f7d97098a6c","hash":"3949e018ec46287a70323156abdeb990d4ccdc22"}
}
