TN:
SF:/Users/oprentmacbook2/Downloads/LearningPhase/bootcamp/src/add.js
FN:3,add
FNF:1
FNH:1
FNDA:5,add
DA:5,5
DA:6,1
DA:7,4
DA:8,2
DA:10,2
LF:5
LH:5
BRDA:5,0,0,1
BRDA:5,0,1,4
BRDA:7,1,0,2
BRDA:7,1,1,2
BRF:4
BRH:4
end_of_record
TN:
SF:/Users/oprentmacbook2/Downloads/LearningPhase/bootcamp/src/isEmpty.js
FN:3,isEmpty
FN:7,(anonymous_1)
FNF:2
FNH:2
FNDA:11,isEmpty
FNDA:2,(anonymous_1)
DA:4,11
DA:5,11
DA:7,11
DA:8,2
DA:9,2
DA:10,1
DA:12,2
DA:15,11
DA:16,6
DA:17,3
DA:18,1
DA:19,2
DA:20,2
DA:21,1
DA:22,1
DA:23,1
DA:25,0
DA:27,0
DA:28,0
DA:30,0
DA:32,3
DA:33,1
DA:35,2
DA:36,2
DA:37,1
DA:38,1
DA:39,1
DA:40,1
DA:41,1
DA:42,1
DA:43,1
DA:47,0
DA:50,5
DA:51,2
DA:52,1
DA:53,1
DA:54,1
DA:56,0
DA:58,3
DA:59,1
DA:60,2
DA:61,2
DA:62,1
DA:64,1
DA:67,0
DA:69,11
LF:46
LH:39
BRDA:10,0,0,1
BRDA:10,0,1,0
BRDA:15,1,0,6
BRDA:15,1,1,5
BRDA:16,2,0,3
BRDA:16,2,1,3
BRDA:17,3,0,1
BRDA:17,3,1,2
BRDA:19,4,0,2
BRDA:19,4,1,0
BRDA:20,5,0,1
BRDA:20,5,1,1
BRDA:22,6,0,1
BRDA:22,6,1,0
BRDA:22,7,0,1
BRDA:22,7,1,1
BRDA:27,8,0,0
BRDA:27,8,1,0
BRDA:32,9,0,1
BRDA:32,9,1,2
BRDA:36,10,0,1
BRDA:36,10,1,1
BRDA:38,11,0,1
BRDA:38,11,1,0
BRDA:41,12,0,1
BRDA:41,12,1,0
BRDA:50,13,0,2
BRDA:50,13,1,3
BRDA:51,14,0,1
BRDA:51,14,1,1
BRDA:53,15,0,1
BRDA:53,15,1,0
BRDA:58,16,0,1
BRDA:58,16,1,2
BRDA:60,17,0,2
BRDA:60,17,1,0
BRDA:61,18,0,1
BRDA:61,18,1,1
BRF:38
BRH:29
end_of_record
TN:
SF:/Users/oprentmacbook2/Downloads/LearningPhase/bootcamp/src/sum.js
FN:3,sum
FNF:1
FNH:1
FNDA:7,sum
DA:4,7
DA:5,7
DA:6,17
DA:8,7
LF:4
LH:4
BRF:0
BRH:0
end_of_record
